🩺 The doctor is checking the health of your Storybook..
╭ Incompatible packages found ────────────────────────────────────────────────────────────────────────────────────────────────────────╮
│                                                                                                                                     │
│   The following packages are incompatible with Storybook 7.6.20 as they depend on different major versions of Storybook packages:   │
│   - @storybook/addon-a11y@8.4.7                                                                                                     │
│    Repo: https://github.com/storybookjs/storybook/tree/next/code/addons/a11y                                                        │
│   - @storybook/addon-svelte-csf@4.2.0                                                                                               │
│   - storybook@8.4.7                                                                                                                 │
│    Repo: https://github.com/storybookjs/storybook/tree/next/code/lib/cli                                                            │
│                                                                                                                                     │
│                                                                                                                                     │
│   Please consider updating your packages or contacting the maintainers for compatibility details.                                   │
│   For more on Storybook 8 compatibility, see the linked GitHub issue:                                                               │
│   https://github.com/storybookjs/storybook/issues/26031                                                                             │
│                                                                                                                                     │
╰─────────────────────────────────────────────────────────────────────────────────────────────────────────────────────────────────────╯
WARN An issue occurred while trying to find dependencies metadata using npm.

You can always recheck the health of your project by running:
npx storybook doctor

Full logs are available in /Users/julian/Documents/git/tint/doctor-storybook.log

